# JRE version: OpenJDK Runtime Environment (17.0.10) (build 17.0.10+0--11572160)
# Java VM: OpenJDK 64-Bit Server VM (17.0.10+0--11572160, mixed mode, tiered, compressed oops, compressed class ptrs, g1 gc, windows-amd64)
GC Precious Log:
 CPUs: 8 total, 8 available
 Memory: 16122M
 Large Page Support: Disabled
 NUMA Support: Disabled
 Compressed Oops: Enabled (32-bit)
 Heap Region Size: 1M
 Heap Min Capacity: 8M
 Heap Initial Capacity: 252M
 Heap Max Capacity: 2G
 Pre-touch: Disabled
 Parallel Workers: 8
 Concurrent Workers: 2
 Concurrent Refinement Workers: 8
 Periodic GC: Disabled
Heap:
 garbage-first heap   total 351232K, used 245873K [0x0000000080000000, 0x0000000100000000)
  region size 1024K, 75 young (76800K), 8 survivors (8192K)
 Metaspace       used 128972K, committed 130176K, reserved 1179648K
  class space    used 17096K, committed 17664K, reserved 1048576K
GC Heap History (20 events):
Event: 12.384 GC heap before
{Heap before GC invocations=48 (full 0):
 garbage-first heap   total 351232K, used 266922K [0x0000000080000000, 0x0000000100000000)
  region size 1024K, 150 young (153600K), 1 survivors (1024K)
 Metaspace       used 94820K, committed 95616K, reserved 1179648K
  class space    used 12903K, committed 13248K, reserved 1048576K
}
Event: 12.393 GC heap after
{Heap after GC invocations=49 (full 0):
 garbage-first heap   total 351232K, used 120756K [0x0000000080000000, 0x0000000100000000)
  region size 1024K, 13 young (13312K), 13 survivors (13312K)
 Metaspace       used 94820K, committed 95616K, reserved 1179648K
  class space    used 12903K, committed 13248K, reserved 1048576K
}
Event: 13.921 GC heap before
{Heap before GC invocations=49 (full 0):
 garbage-first heap   total 351232K, used 277428K [0x0000000080000000, 0x0000000100000000)
  region size 1024K, 167 young (171008K), 13 survivors (13312K)
 Metaspace       used 99702K, committed 100608K, reserved 1179648K
  class space    used 13561K, committed 14016K, reserved 1048576K
}
Event: 13.932 GC heap after
{Heap after GC invocations=50 (full 0):
 garbage-first heap   total 351232K, used 129952K [0x0000000080000000, 0x0000000100000000)
  region size 1024K, 10 young (10240K), 10 survivors (10240K)
 Metaspace       used 99702K, committed 100608K, reserved 1179648K
  class space    used 13561K, committed 14016K, reserved 1048576K
}
Event: 15.200 GC heap before
{Heap before GC invocations=50 (full 0):
 garbage-first heap   total 351232K, used 282528K [0x0000000080000000, 0x0000000100000000)
  region size 1024K, 159 young (162816K), 10 survivors (10240K)
 Metaspace       used 99706K, committed 100608K, reserved 1179648K
  class space    used 13561K, committed 14016K, reserved 1048576K
}
Event: 15.207 GC heap after
{Heap after GC invocations=51 (full 0):
 garbage-first heap   total 351232K, used 136068K [0x0000000080000000, 0x0000000100000000)
  region size 1024K, 16 young (16384K), 16 survivors (16384K)
 Metaspace       used 99706K, committed 100608K, reserved 1179648K
  class space    used 13561K, committed 14016K, reserved 1048576K
}
Event: 16.283 GC heap before
{Heap before GC invocations=51 (full 0):
 garbage-first heap   total 351232K, used 286596K [0x0000000080000000, 0x0000000100000000)
  region size 1024K, 163 young (166912K), 16 survivors (16384K)
 Metaspace       used 99706K, committed 100608K, reserved 1179648K
  class space    used 13561K, committed 14016K, reserved 1048576K
}
Event: 16.292 GC heap after
{Heap after GC invocations=52 (full 0):
 garbage-first heap   total 351232K, used 141433K [0x0000000080000000, 0x0000000100000000)
  region size 1024K, 14 young (14336K), 14 survivors (14336K)
 Metaspace       used 99706K, committed 100608K, reserved 1179648K
  class space    used 13561K, committed 14016K, reserved 1048576K
}
Event: 17.047 GC heap before
{Heap before GC invocations=52 (full 0):
 garbage-first heap   total 351232K, used 287865K [0x0000000080000000, 0x0000000100000000)
  region size 1024K, 157 young (160768K), 14 survivors (14336K)
 Metaspace       used 99706K, committed 100608K, reserved 1179648K
  class space    used 13561K, committed 14016K, reserved 1048576K
}
Event: 17.053 GC heap after
{Heap after GC invocations=53 (full 0):
 garbage-first heap   total 351232K, used 146899K [0x0000000080000000, 0x0000000100000000)
  region size 1024K, 14 young (14336K), 14 survivors (14336K)
 Metaspace       used 99706K, committed 100608K, reserved 1179648K
  class space    used 13561K, committed 14016K, reserved 1048576K
}
Event: 18.514 GC heap before
{Heap before GC invocations=53 (full 0):
 garbage-first heap   total 351232K, used 289235K [0x0000000080000000, 0x0000000100000000)
  region size 1024K, 152 young (155648K), 14 survivors (14336K)
 Metaspace       used 108209K, committed 109184K, reserved 1179648K
  class space    used 14654K, committed 15104K, reserved 1048576K
}
Event: 18.525 GC heap after
{Heap after GC invocations=54 (full 0):
 garbage-first heap   total 351232K, used 152844K [0x0000000080000000, 0x0000000100000000)
  region size 1024K, 14 young (14336K), 14 survivors (14336K)
 Metaspace       used 108209K, committed 109184K, reserved 1179648K
  class space    used 14654K, committed 15104K, reserved 1048576K
}
Event: 19.776 GC heap before
{Heap before GC invocations=54 (full 0):
 garbage-first heap   total 351232K, used 289036K [0x0000000080000000, 0x0000000100000000)
  region size 1024K, 147 young (150528K), 14 survivors (14336K)
 Metaspace       used 113315K, committed 114240K, reserved 1179648K
  class space    used 15183K, committed 15616K, reserved 1048576K
}
Event: 19.792 GC heap after
{Heap after GC invocations=55 (full 0):
 garbage-first heap   total 351232K, used 160022K [0x0000000080000000, 0x0000000100000000)
  region size 1024K, 15 young (15360K), 15 survivors (15360K)
 Metaspace       used 113315K, committed 114240K, reserved 1179648K
  class space    used 15183K, committed 15616K, reserved 1048576K
}
Event: 1402.162 GC heap before
{Heap before GC invocations=55 (full 0):
 garbage-first heap   total 351232K, used 288022K [0x0000000080000000, 0x0000000100000000)
  region size 1024K, 141 young (144384K), 15 survivors (15360K)
 Metaspace       used 120999K, committed 122048K, reserved 1179648K
  class space    used 15972K, committed 16448K, reserved 1048576K
}
Event: 1402.174 GC heap after
{Heap after GC invocations=56 (full 0):
 garbage-first heap   total 351232K, used 162238K [0x0000000080000000, 0x0000000100000000)
  region size 1024K, 12 young (12288K), 12 survivors (12288K)
 Metaspace       used 120999K, committed 122048K, reserved 1179648K
  class space    used 15972K, committed 16448K, reserved 1048576K
}
Event: 1757.744 GC heap before
{Heap before GC invocations=56 (full 0):
 garbage-first heap   total 351232K, used 290238K [0x0000000080000000, 0x0000000100000000)
  region size 1024K, 138 young (141312K), 12 survivors (12288K)
 Metaspace       used 125005K, committed 126208K, reserved 1179648K
  class space    used 16564K, committed 17152K, reserved 1048576K
}
Event: 1757.813 GC heap after
{Heap after GC invocations=57 (full 0):
 garbage-first heap   total 351232K, used 173162K [0x0000000080000000, 0x0000000100000000)
  region size 1024K, 16 young (16384K), 16 survivors (16384K)
 Metaspace       used 125005K, committed 126208K, reserved 1179648K
  class space    used 16564K, committed 17152K, reserved 1048576K
}
Event: 1763.111 GC heap before
{Heap before GC invocations=57 (full 0):
 garbage-first heap   total 351232K, used 287850K [0x0000000080000000, 0x0000000100000000)
  region size 1024K, 129 young (132096K), 16 survivors (16384K)
 Metaspace       used 127734K, committed 128896K, reserved 1179648K
  class space    used 16924K, committed 17472K, reserved 1048576K
}
Event: 1763.205 GC heap after
{Heap after GC invocations=58 (full 0):
 garbage-first heap   total 351232K, used 179313K [0x0000000080000000, 0x0000000100000000)
  region size 1024K, 8 young (8192K), 8 survivors (8192K)
 Metaspace       used 127734K, committed 128896K, reserved 1179648K
  class space    used 16924K, committed 17472K, reserved 1048576K
}

